
=== WARM-UP 1/5 - 2026-07-21T10:38:03+07:00 ===
NAME                                             READY   STATUS      RESTARTS      AGE
cart-76cd574ff6-77x4g                            0/1     Pending     0             57s
cart-76cd574ff6-8q67k                            0/1     Pending     0             27s
cart-76cd574ff6-vrdcb                            0/1     Pending     0             27s
checkout-559f997777-4656c                        0/1     Pending     0             27s
checkout-559f997777-942j8                        0/1     Pending     0             57s
checkout-559f997777-ww7wx                        0/1     Pending     0             27s
currency-85ddf66c85-5d4cv                        0/1     Pending     0             28s
frontend-77ff64cbf5-d7xwl                        0/1     Pending     0             24s
frontend-77ff64cbf5-gx2tn                        0/1     Pending     0             54s
frontend-77ff64cbf5-k8mdk                        0/1     Pending     0             24s
frontend-77ff64cbf5-mkr5k                        0/1     Pending     0             54s
frontend-77ff64cbf5-z4mfv                        0/1     Pending     0             24s

=== WARM-UP 2/5 - 2026-07-21T10:39:08+07:00 ===
NAME                                             READY   STATUS      RESTARTS      AGE
cart-76cd574ff6-72l7j                            0/1     Pending     0             64s
cart-76cd574ff6-77x4g                            0/1     Pending     0             2m4s
cart-76cd574ff6-8q67k                            0/1     Pending     0             94s
cart-76cd574ff6-vrdcb                            0/1     Pending     0             94s
cart-76cd574ff6-xzj6p                            0/1     Pending     0             64s
checkout-559f997777-4656c                        0/1     Pending     0             94s
checkout-559f997777-942j8                        0/1     Pending     0             2m4s
checkout-559f997777-ddtz7                        0/1     Pending     0             34s
checkout-559f997777-dghws                        0/1     Pending     0             64s
checkout-559f997777-jnzsg                        0/1     Pending     0             64s
checkout-559f997777-tc6qq                        0/1     Pending     0             34s
checkout-559f997777-whgf5                        0/1     Pending     0             34s
checkout-559f997777-ww7wx                        0/1     Pending     0             94s
checkout-559f997777-wzdf6                        0/1     Pending     0             64s
currency-85ddf66c85-5d4cv                        0/1     Pending     0             95s
frontend-77ff64cbf5-cnp9f                        0/1     Pending     0             31s
frontend-77ff64cbf5-d5mvb                        0/1     Pending     0             61s
frontend-77ff64cbf5-d7xwl                        0/1     Pending     0             91s
frontend-77ff64cbf5-dvp8s                        0/1     Pending     0             61s
frontend-77ff64cbf5-f7pdg                        0/1     Pending     0             31s
frontend-77ff64cbf5-gx2tn                        0/1     Pending     0             2m1s
frontend-77ff64cbf5-j6gsd                        0/1     Pending     0             61s
frontend-77ff64cbf5-k8mdk                        0/1     Pending     0             91s
frontend-77ff64cbf5-klgb9                        0/1     Pending     0             31s
frontend-77ff64cbf5-mkr5k                        0/1     Pending     0             2m1s
frontend-77ff64cbf5-nc4wl                        0/1     Pending     0             31s
frontend-77ff64cbf5-rv4rk                        0/1     Pending     0             61s
frontend-77ff64cbf5-xz7nf                        0/1     Pending     0             31s
frontend-77ff64cbf5-z4mfv                        0/1     Pending     0             91s
product-catalog-6f9ddc65c7-8r924                 0/1     Pending     0             49s

=== WARM-UP 3/5 - 2026-07-21T10:40:16+07:00 ===
NAME                                             READY   STATUS      RESTARTS      AGE
cart-76cd574ff6-72l7j                            0/1     Pending     0             2m9s
cart-76cd574ff6-77x4g                            0/1     Pending     0             3m9s
cart-76cd574ff6-8q67k                            0/1     Pending     0             2m39s
cart-76cd574ff6-vrdcb                            0/1     Pending     0             2m39s
cart-76cd574ff6-xzj6p                            0/1     Pending     0             2m9s
checkout-559f997777-4656c                        0/1     Pending     0             2m39s
checkout-559f997777-942j8                        0/1     Pending     0             3m9s
checkout-559f997777-ddtz7                        0/1     Pending     0             99s
checkout-559f997777-dghws                        0/1     Pending     0             2m9s
checkout-559f997777-jnzsg                        0/1     Pending     0             2m9s
checkout-559f997777-tc6qq                        0/1     Pending     0             99s
checkout-559f997777-whgf5                        0/1     Pending     0             99s
checkout-559f997777-ww7wx                        0/1     Pending     0             2m39s
checkout-559f997777-wzdf6                        0/1     Pending     0             2m9s
currency-85ddf66c85-5d4cv                        0/1     Pending     0             2m40s
frontend-77ff64cbf5-cnp9f                        0/1     Pending     0             96s
frontend-77ff64cbf5-d5mvb                        0/1     Pending     0             2m6s
frontend-77ff64cbf5-d7xwl                        0/1     Pending     0             2m36s
frontend-77ff64cbf5-dvp8s                        0/1     Pending     0             2m6s
frontend-77ff64cbf5-f7pdg                        0/1     Pending     0             96s
frontend-77ff64cbf5-gx2tn                        0/1     Pending     0             3m6s
frontend-77ff64cbf5-j6gsd                        0/1     Pending     0             2m6s
frontend-77ff64cbf5-k8mdk                        0/1     Pending     0             2m36s
frontend-77ff64cbf5-klgb9                        0/1     Pending     0             96s
frontend-77ff64cbf5-mkr5k                        0/1     Pending     0             3m6s
frontend-77ff64cbf5-nc4wl                        0/1     Pending     0             96s
frontend-77ff64cbf5-rv4rk                        0/1     Pending     0             2m6s
frontend-77ff64cbf5-xz7nf                        0/1     Pending     0             96s
frontend-77ff64cbf5-z4mfv                        0/1     Pending     0             2m36s
product-catalog-6f9ddc65c7-8r924                 0/1     Pending     0             114s

=== WARM-UP 4/5 - 2026-07-21T10:41:20+07:00 ===
NAME                                             READY   STATUS      RESTARTS      AGE
cart-76cd574ff6-72l7j                            0/1     Pending     0             3m12s
cart-76cd574ff6-77x4g                            0/1     Pending     0             4m12s
cart-76cd574ff6-8q67k                            0/1     Pending     0             3m42s
cart-76cd574ff6-vrdcb                            0/1     Pending     0             3m42s
cart-76cd574ff6-xzj6p                            0/1     Pending     0             3m12s
checkout-559f997777-4656c                        0/1     Pending     0             3m42s
checkout-559f997777-942j8                        0/1     Pending     0             4m12s
checkout-559f997777-ddtz7                        0/1     Pending     0             2m42s
checkout-559f997777-dghws                        0/1     Pending     0             3m12s
checkout-559f997777-jnzsg                        0/1     Pending     0             3m12s
checkout-559f997777-tc6qq                        0/1     Pending     0             2m42s
checkout-559f997777-whgf5                        0/1     Pending     0             2m42s
checkout-559f997777-ww7wx                        0/1     Pending     0             3m42s
checkout-559f997777-wzdf6                        0/1     Pending     0             3m12s
currency-85ddf66c85-5d4cv                        0/1     Pending     0             3m43s
frontend-77ff64cbf5-cnp9f                        0/1     Pending     0             2m39s
frontend-77ff64cbf5-d5mvb                        0/1     Pending     0             3m9s
frontend-77ff64cbf5-d7xwl                        0/1     Pending     0             3m39s
frontend-77ff64cbf5-dvp8s                        0/1     Pending     0             3m9s
frontend-77ff64cbf5-f7pdg                        0/1     Pending     0             2m39s
frontend-77ff64cbf5-gx2tn                        0/1     Pending     0             4m9s
frontend-77ff64cbf5-j6gsd                        0/1     Pending     0             3m9s
frontend-77ff64cbf5-k8mdk                        0/1     Pending     0             3m39s
frontend-77ff64cbf5-klgb9                        0/1     Pending     0             2m39s
frontend-77ff64cbf5-mkr5k                        0/1     Pending     0             4m9s
frontend-77ff64cbf5-nc4wl                        0/1     Pending     0             2m39s
frontend-77ff64cbf5-rv4rk                        0/1     Pending     0             3m9s
frontend-77ff64cbf5-xz7nf                        0/1     Pending     0             2m39s
frontend-77ff64cbf5-z4mfv                        0/1     Pending     0             3m39s
product-catalog-6f9ddc65c7-8r924                 0/1     Pending     0             2m57s

=== WARM-UP 5/5 - 2026-07-21T10:42:23+07:00 ===
NAME                                             READY   STATUS      RESTARTS      AGE
cart-76cd574ff6-72l7j                            0/1     Pending     0             4m16s
cart-76cd574ff6-77x4g                            0/1     Pending     0             5m16s
cart-76cd574ff6-8q67k                            0/1     Pending     0             4m46s
cart-76cd574ff6-vrdcb                            0/1     Pending     0             4m46s
cart-76cd574ff6-xzj6p                            0/1     Pending     0             4m16s
checkout-559f997777-4656c                        0/1     Pending     0             4m46s
checkout-559f997777-942j8                        0/1     Pending     0             5m16s
checkout-559f997777-ddtz7                        0/1     Pending     0             3m46s
checkout-559f997777-dghws                        0/1     Pending     0             4m16s
checkout-559f997777-jnzsg                        0/1     Pending     0             4m16s
checkout-559f997777-tc6qq                        0/1     Pending     0             3m46s
checkout-559f997777-whgf5                        0/1     Pending     0             3m46s
checkout-559f997777-ww7wx                        0/1     Pending     0             4m46s
checkout-559f997777-wzdf6                        0/1     Pending     0             4m16s
currency-85ddf66c85-5d4cv                        0/1     Pending     0             4m47s
frontend-77ff64cbf5-cnp9f                        0/1     Pending     0             3m43s
frontend-77ff64cbf5-d5mvb                        0/1     Pending     0             4m13s
frontend-77ff64cbf5-d7xwl                        0/1     Pending     0             4m43s
frontend-77ff64cbf5-dvp8s                        0/1     Pending     0             4m13s
frontend-77ff64cbf5-f7pdg                        0/1     Pending     0             3m43s
frontend-77ff64cbf5-gx2tn                        0/1     Pending     0             5m13s
frontend-77ff64cbf5-j6gsd                        0/1     Pending     0             4m13s
frontend-77ff64cbf5-k8mdk                        0/1     Pending     0             4m43s
frontend-77ff64cbf5-klgb9                        0/1     Pending     0             3m43s
frontend-77ff64cbf5-mkr5k                        0/1     Pending     0             5m13s
frontend-77ff64cbf5-nc4wl                        0/1     Pending     0             3m43s
frontend-77ff64cbf5-rv4rk                        0/1     Pending     0             4m13s
frontend-77ff64cbf5-xz7nf                        0/1     Pending     0             3m43s
frontend-77ff64cbf5-z4mfv                        0/1     Pending     0             4m43s
product-catalog-6f9ddc65c7-8r924                 0/1     Pending     0             4m1s
